0 info it worked if it ends with ok
1 verbose cli [ 'C:\\Program Files\\nodejs\\node.exe',
1 verbose cli   'C:\\Program Files\\nodejs\\node_modules\\npm\\bin\\npm-cli.js',
1 verbose cli   'start' ]
2 info using npm@3.10.10
3 info using node@v8.8.1
4 verbose run-script [ 'prestart', 'start', 'poststart' ]
5 info lifecycle testdata@0.0.0~prestart: testdata@0.0.0
6 silly lifecycle testdata@0.0.0~prestart: no script for prestart, continuing
7 info lifecycle testdata@0.0.0~start: testdata@0.0.0
8 verbose lifecycle testdata@0.0.0~start: unsafe-perm in lifecycle true
9 verbose lifecycle testdata@0.0.0~start: PATH: C:\Program Files\nodejs\node_modules\npm\bin\node-gyp-bin;D:\gaoxw\Project\Test-system\testdata\node_modules\.bin;C:\windows\system32;C:\windows;C:\windows\System32\Wbem;C:\windows\System32\WindowsPowerShell\v1.0\;C:\Program Files (x86)\NVIDIA Corporation\PhysX\Common;C:\Program Files\nodejs\;C:\Users\Administrator\.dnx\bin;C:\Program Files\Microsoft DNX\Dnvm\;C:\Program Files (x86)\Windows Kits\8.1\Windows Performance Toolkit\;C:\Program Files (x86)\Microsoft SQL Server\110\Tools\Binn\;C:\Program Files\Microsoft SQL Server\110\Tools\Binn\;C:\Program Files\Microsoft SQL Server\110\DTS\Binn\;C:\Program Files (x86)\Microsoft SQL Server\110\Tools\Binn\ManagementStudio\;C:\Program Files (x86)\Microsoft SQL Server\110\DTS\Binn\;d:\Program Files\Git\cmd;C:\Users\Administrator\AppData\Roaming\npm
10 verbose lifecycle testdata@0.0.0~start: CWD: D:\gaoxw\Project\Test-system\testdata
11 silly lifecycle testdata@0.0.0~start: Args: [ '/d /s /c', 'node app.js' ]
12 silly lifecycle testdata@0.0.0~start: Returned: code: 3221225786  signal: null
13 info lifecycle testdata@0.0.0~start: Failed to exec start script
14 verbose stack Error: testdata@0.0.0 start: `node app.js`
14 verbose stack Exit status 3221225786
14 verbose stack     at EventEmitter.<anonymous> (C:\Program Files\nodejs\node_modules\npm\lib\utils\lifecycle.js:255:16)
14 verbose stack     at emitTwo (events.js:125:13)
14 verbose stack     at EventEmitter.emit (events.js:213:7)
14 verbose stack     at ChildProcess.<anonymous> (C:\Program Files\nodejs\node_modules\npm\lib\utils\spawn.js:40:14)
14 verbose stack     at emitTwo (events.js:125:13)
14 verbose stack     at ChildProcess.emit (events.js:213:7)
14 verbose stack     at maybeClose (internal/child_process.js:927:16)
14 verbose stack     at Process.ChildProcess._handle.onexit (internal/child_process.js:211:5)
15 verbose pkgid testdata@0.0.0
16 verbose cwd D:\gaoxw\Project\Test-system\testdata
17 error Windows_NT 6.1.7601
18 error argv "C:\\Program Files\\nodejs\\node.exe" "C:\\Program Files\\nodejs\\node_modules\\npm\\bin\\npm-cli.js" "start"
19 error node v8.8.1
20 error npm  v3.10.10
21 error code ELIFECYCLE
22 error testdata@0.0.0 start: `node app.js`
22 error Exit status 3221225786
23 error Failed at the testdata@0.0.0 start script 'node app.js'.
23 error Make sure you have the latest version of node.js and npm installed.
23 error If you do, this is most likely a problem with the testdata package,
23 error not with npm itself.
23 error Tell the author that this fails on your system:
23 error     node app.js
23 error You can get information on how to open an issue for this project with:
23 error     npm bugs testdata
23 error Or if that isn't available, you can get their info via:
23 error     npm owner ls testdata
23 error There is likely additional logging output above.
24 verbose exit [ 1, true ]
